     1                                  	section .data
     2 00000000 0000000000000040        diameter:	dq 2.0
     3 00000008 000000000000F03F        radius:		dq 1.0
     4 00000010 0000000000000040        ratio:		dq 2.0
     5                                  
     6 00000018 456E74657220612064-     msg_prompt:	db "Enter a diameter: (default is 2.0) ", 0
     7 00000021 69616D657465723A20-
     8 0000002A 2864656661756C7420-
     9 00000033 697320322E30292000 
    10 0000003C 256C6600                fmt_input:	db "%lf", 0
    11 00000040 F09D98A2203D20CF80-     fmt_result:	db `\U1d622`, " = ",`\u3c0`,`\u22c5`,`\U1d633`,`\u00b2`,10, 			`\U1d633`," = %f",`\n`,`\U1d622`," = %f", `\n`, 0
    12 00000049 E28B85F09D98B3C2B2-
    13 00000052 0AF09D98B3203D2025-
    14 0000005B 660AF09D98A2203D20-
    15 00000064 25660A00           
    16                                  
    17                                  	section .bss
    18 00000000 <res 00000008>          result:		resq 1
    19                                  
    20                                  	section .text
    21                                  	global main
    22                                  	extern printf, scanf
    23                                  
    24                                  main:
    25 00000000 68[18000000]            	push msg_prompt
    26 00000005 E8(00000000)            	call printf
    27 0000000A 83C404                  	add esp, 4
    28 0000000D 68[00000000]            	push diameter
    29 00000012 68[3C000000]            	push fmt_input
    30 00000017 E8(00000000)            	call scanf
    31 0000001C 83C408                  	add esp, 8
    32                                  
    33 0000001F 9BDBE3                  	finit
    34                                  
    35 00000022 DD05[00000000]          	fld qword [diameter]
    36 00000028 DC35[10000000]          	fdiv qword [ratio]
    37 0000002E DD15[08000000]          	fst qword [radius]
    38 00000034 D8C8                    	fmul st0
    39 00000036 D9EB                    	fldpi
    40 00000038 DEC9                    	fmul
    41 0000003A DD15[00000000]          	fst qword [result]
    42                                  
    43                                  .print:
    44 00000040 FF35[04000000]          	push dword [result+4]
    45 00000046 FF35[00000000]          	push dword [result]
    46 0000004C FF35[0C000000]          	push dword [radius+4]
    47 00000052 FF35[08000000]          	push dword [radius]
    48 00000058 68[40000000]            	push fmt_result
    49 0000005D E8(00000000)            	call printf
    50 00000062 83C418                  	add esp, 24
    51                                  .quit:
    52 00000065 BB00000000              	mov ebx, 0
    53 0000006A B801000000              	mov eax, 1
    54 0000006F CD80                    	int 0x80
